[38;2;200;255;200m[1m                                           [ 0 ][ 00:14:06 ][0m [38;2;233;149;12m[1m-->[0m [38;2;0;166;125mAdded `/error:/im` with level Warning[0m
[38;2;200;255;200m[1m                                           [ 0 ][ 00:14:06 ][0m [38;2;233;149;12m[1m-->[0m [38;2;0;166;125mAdded `/^([4-9]\d{2,})$/im` with level Warning[0m
[38;2;200;255;200m[1m                           [ 289480 ][ Warning ][ 00:14:17 ][0m [38;2;233;149;12m[1m-->[0m [38;2;200;0;0mFound `/error:/im` in "https://bogbasen.dk/sitemap.html"[0m
[38;2;200;255;200m[1m                           [ 302340 ][ Warning ][ 00:15:09 ][0m [38;2;233;149;12m[1m-->[0m [38;2;200;0;0mFound `/^([4-9]\d{2,})$/im` status is "404" in "https://bogbasen.dk/showBook" linked from "https://bogbasen.dk/showBook?id=4371471-lykkens-pris"[0m
[38;2;200;255;200m[1m                           [ 302339 ][ Warning ][ 00:15:10 ][0m [38;2;233;149;12m[1m-->[0m [38;2;200;0;0mFound `/^([4-9]\d{2,})$/im` status is "404" in "https://bogbasen.dk/showBook?metode=koeb" linked from "https://bogbasen.dk/showBook?id=4371471-lykkens-pris"[0m
[38;2;200;255;200m[1m                           [ 302615 ][ Warning ][ 00:15:19 ][0m [38;2;233;149;12m[1m-->[0m [38;2;200;0;0mFound `/^([4-9]\d{2,})$/im` status is "404" in "https://bogbasen.dk/showBook?id=4025945-johannes-ewald" linked from "https://bogbasen.dk/showBook?id=4356068-johannes-ewald"[0m
[38;2;200;255;200m[1m                           [ 339479 ][ Warning ][ 00:16:43 ][0m [38;2;233;149;12m[1m-->[0m [38;2;200;0;0mFound `/error:/im` in "https://bogbasen.dk/search?metode=salg&titel=&forfatter=&isbn=&kategori=&forhandler=af21c4531af70bfdb38711a6b210b25b&soeg=true"[0m
[38;2;200;255;200m[1m                           [ 399888 ][ Warning ][ 00:19:45 ][0m [38;2;233;149;12m[1m-->[0m [38;2;200;0;0mFound `/^([4-9]\d{2,})$/im` status is "404" in "https://bogbasen.dk/showBook?id=4393770-barolo-kvartetten" linked from "https://bogbasen.dk/showBook?id=4556180-barolo-kvartetten"[0m
[38;2;200;255;200m[1m                           [ 399884 ][ Warning ][ 00:19:45 ][0m [38;2;233;149;12m[1m-->[0m [38;2;200;0;0mFound `/^([4-9]\d{2,})$/im` status is "404" in "https://bogbasen.dk/showBook?id=4027180-barolo-kvartetten" linked from "https://bogbasen.dk/showBook?id=4556180-barolo-kvartetten"[0m
[38;2;200;255;200m[1m                           [ 399881 ][ Warning ][ 00:20:01 ][0m [38;2;233;149;12m[1m-->[0m [38;2;200;0;0mFound `/^([4-9]\d{2,})$/im` status is "404" in "https://bogbasen.dk/showBook?id=2937598-kampen-om-tronen" linked from "https://bogbasen.dk/showBook?id=4556176-kampen-om-tronen"[0m
[38;2;200;255;200m[1m                           [ 399879 ][ Warning ][ 00:20:01 ][0m [38;2;233;149;12m[1m-->[0m [38;2;200;0;0mFound `/^([4-9]\d{2,})$/im` status is "404" in "https://bogbasen.dk/showBook?id=4341167-kampen-om-tronen" linked from "https://bogbasen.dk/showBook?id=4556176-kampen-om-tronen"[0m
[38;2;200;255;200m[1m                           [ 399879 ][ Warning ][ 00:20:01 ][0m [38;2;233;149;12m[1m-->[0m [38;2;200;0;0mFound `/^([4-9]\d{2,})$/im` status is "404" in "https://bogbasen.dk/showBook?id=4322218-kampen-om-tronen" linked from "https://bogbasen.dk/showBook?id=4556176-kampen-om-tronen"[0m
[38;2;200;255;200m[1m                           [ 399877 ][ Warning ][ 00:20:01 ][0m [38;2;233;149;12m[1m-->[0m [38;2;200;0;0mFound `/^([4-9]\d{2,})$/im` status is "404" in "https://bogbasen.dk/showBook?id=4181949-kampen-om-tronen" linked from "https://bogbasen.dk/showBook?id=4556176-kampen-om-tronen"[0m
[38;2;200;255;200m[1m                           [ 399875 ][ Warning ][ 00:20:04 ][0m [38;2;233;149;12m[1m-->[0m [38;2;200;0;0mFound `/^([4-9]\d{2,})$/im` status is "404" in "https://bogbasen.dk/showBook?id=3903457-lulu" linked from "https://bogbasen.dk/showBook?id=4556175-lulu"[0m
[38;2;200;255;200m[1m                           [ 399875 ][ Warning ][ 00:20:05 ][0m [38;2;233;149;12m[1m-->[0m [38;2;200;0;0mFound `/^([4-9]\d{2,})$/im` status is "404" in "https://bogbasen.dk/showBook?id=4387911-lulu" linked from "https://bogbasen.dk/showBook?id=4556175-lulu"[0m
[38;2;200;255;200m[1m                           [ 400028 ][ Warning ][ 00:20:08 ][0m [38;2;233;149;12m[1m-->[0m [38;2;200;0;0mFound `/^([4-9]\d{2,})$/im` status is "404" in "https://bogbasen.dk/showBook?id=4482643-som-pesten" linked from "https://bogbasen.dk/showBook?id=4556171-som-pesten"[0m
[38;2;200;255;200m[1m                           [ 400027 ][ Warning ][ 00:20:08 ][0m [38;2;233;149;12m[1m-->[0m [38;2;200;0;0mFound `/^([4-9]\d{2,})$/im` status is "404" in "https://bogbasen.dk/showBook?id=4510319-som-pesten" linked from "https://bogbasen.dk/showBook?id=4556171-som-pesten"[0m
[38;2;200;255;200m[1m                           [ 400025 ][ Warning ][ 00:20:09 ][0m [38;2;233;149;12m[1m-->[0m [38;2;200;0;0mFound `/^([4-9]\d{2,})$/im` status is "404" in "https://bogbasen.dk/showBook?id=4530212-som-pesten" linked from "https://bogbasen.dk/showBook?id=4556171-som-pesten"[0m
[38;2;200;255;200m[1m                           [ 400024 ][ Warning ][ 00:20:09 ][0m [38;2;233;149;12m[1m-->[0m [38;2;200;0;0mFound `/^([4-9]\d{2,})$/im` status is "404" in "https://bogbasen.dk/showBook?id=4536371-som-pesten" linked from "https://bogbasen.dk/showBook?id=4556171-som-pesten"[0m
[38;2;200;255;200m[1m                           [ 400023 ][ Warning ][ 00:20:09 ][0m [38;2;233;149;12m[1m-->[0m [38;2;200;0;0mFound `/^([4-9]\d{2,})$/im` status is "404" in "https://bogbasen.dk/showBook?id=4536372-som-pesten" linked from "https://bogbasen.dk/showBook?id=4556171-som-pesten"[0m
[38;2;200;255;200m[1m                           [ 400022 ][ Warning ][ 00:20:09 ][0m [38;2;233;149;12m[1m-->[0m [38;2;200;0;0mFound `/^([4-9]\d{2,})$/im` status is "404" in "https://bogbasen.dk/showBook?id=4536373-som-pesten" linked from "https://bogbasen.dk/showBook?id=4556171-som-pesten"[0m
[38;2;200;255;200m[1m                           [ 400021 ][ Warning ][ 00:20:09 ][0m [38;2;233;149;12m[1m-->[0m [38;2;200;0;0mFound `/^([4-9]\d{2,})$/im` status is "404" in "https://bogbasen.dk/showBook?id=4536374-som-pesten" linked from "https://bogbasen.dk/showBook?id=4556171-som-pesten"[0m
[38;2;200;255;200m[1m                           [ 400020 ][ Warning ][ 00:20:10 ][0m [38;2;233;149;12m[1m-->[0m [38;2;200;0;0mFound `/^([4-9]\d{2,})$/im` status is "404" in "https://bogbasen.dk/showBook?id=4334801-argentineren-der-kom-sejlende-pa-en-cedertraesplanke" linked from "https://bogbasen.dk/showBook?id=4556170-argentineren-der-kom-sejlende-pa-en-cedertraesplanke"[0m
[38;2;200;255;200m[1m                           [ 400019 ][ Warning ][ 00:20:10 ][0m [38;2;233;149;12m[1m-->[0m [38;2;200;0;0mFound `/^([4-9]\d{2,})$/im` status is "404" in "https://bogbasen.dk/showBook?id=4420665-argentineren-der-kom-sejlende-pa-en-cedertraesplanke" linked from "https://bogbasen.dk/showBook?id=4556170-argentineren-der-kom-sejlende-pa-en-cedertraesplanke"[0m
[38;2;200;255;200m[1m                           [ 400017 ][ Warning ][ 00:20:10 ][0m [38;2;233;149;12m[1m-->[0m [38;2;200;0;0mFound `/^([4-9]\d{2,})$/im` status is "404" in "https://bogbasen.dk/showBook?id=4042847-argentineren-der-kom-sejlende-pa-en-cedertraesplanke" linked from "https://bogbasen.dk/showBook?id=4556170-argentineren-der-kom-sejlende-pa-en-cedertraesplanke"[0m
[38;2;200;255;200m[1m                           [ 402342 ][ Warning ][ 00:25:39 ][0m [38;2;233;149;12m[1m-->[0m [38;2;200;0;0mFound `/^([4-9]\d{2,})$/im` status is "404" in "https://bogbasen.dk/showBook?id=4358189" linked from "https://bogbasen.dk/sitemap.html"[0m
[38;2;200;255;200m[1m                           [ 403456 ][ Warning ][ 00:28:10 ][0m [38;2;233;149;12m[1m-->[0m [38;2;200;0;0mFound `/^([4-9]\d{2,})$/im` status is "404" in "https://bogbasen.dk/showBook?id=3833888" linked from "https://bogbasen.dk/sitemap.html"[0m
[38;2;200;255;200m[1m                           [ 403546 ][ Warning ][ 00:28:26 ][0m [38;2;233;149;12m[1m-->[0m [38;2;200;0;0mFound `/^([4-9]\d{2,})$/im` status is "404" in "https://bogbasen.dk/showBook?id=4434003" linked from "https://bogbasen.dk/sitemap.html"[0m
[38;2;200;255;200m[1m                           [ 404541 ][ Warning ][ 00:31:33 ][0m [38;2;233;149;12m[1m-->[0m [38;2;200;0;0mFound `/^([4-9]\d{2,})$/im` status is "404" in "https://bogbasen.dk/showBook?id=4466516" linked from "https://bogbasen.dk/sitemap.html"[0m
[38;2;200;255;200m[1m                           [ 404935 ][ Warning ][ 00:32:27 ][0m [38;2;233;149;12m[1m-->[0m [38;2;200;0;0mFound `/^([4-9]\d{2,})$/im` status is "404" in "https://bogbasen.dk/showBook?id=4539121" linked from "https://bogbasen.dk/sitemap.html"[0m
[38;2;200;255;200m[1m                           [ 405061 ][ Warning ][ 00:32:51 ][0m [38;2;233;149;12m[1m-->[0m [38;2;200;0;0mFound `/^([4-9]\d{2,})$/im` status is "404" in "https://bogbasen.dk/showBook?id=4358200" linked from "https://bogbasen.dk/sitemap.html"[0m
[38;2;200;255;200m[1m                           [ 406804 ][ Warning ][ 00:37:04 ][0m [38;2;233;149;12m[1m-->[0m [38;2;200;0;0mFound `/^([4-9]\d{2,})$/im` status is "404" in "https://bogbasen.dk/showBook?id=4445899" linked from "https://bogbasen.dk/sitemap.html"[0m
[38;2;200;255;200m[1m                           [ 407265 ][ Warning ][ 00:38:02 ][0m [38;2;233;149;12m[1m-->[0m [38;2;200;0;0mFound `/^([4-9]\d{2,})$/im` status is "404" in "https://bogbasen.dk/showBook?id=4472783" linked from "https://bogbasen.dk/sitemap.html"[0m
[38;2;200;255;200m[1m                           [ 408861 ][ Warning ][ 00:42:56 ][0m [38;2;233;149;12m[1m-->[0m [38;2;200;0;0mFound `/^([4-9]\d{2,})$/im` status is "404" in "https://bogbasen.dk/showBook?id=4434233" linked from "https://bogbasen.dk/sitemap.html"[0m
[38;2;200;255;200m[1m                           [ 409272 ][ Warning ][ 00:43:46 ][0m [38;2;233;149;12m[1m-->[0m [38;2;200;0;0mFound `/^([4-9]\d{2,})$/im` status is "404" in "https://bogbasen.dk/showBook?id=4539117" linked from "https://bogbasen.dk/sitemap.html"[0m
[38;2;200;255;200m[1m                           [ 410314 ][ Warning ][ 00:46:14 ][0m [38;2;233;149;12m[1m-->[0m [38;2;200;0;0mFound `/^([4-9]\d{2,})$/im` status is "404" in "https://bogbasen.dk/showBook?id=4504396" linked from "https://bogbasen.dk/sitemap.html"[0m
[38;2;200;255;200m[1m                           [ 410433 ][ Warning ][ 00:46:34 ][0m [38;2;233;149;12m[1m-->[0m [38;2;200;0;0mFound `/^([4-9]\d{2,})$/im` status is "404" in "https://bogbasen.dk/showBook?id=3833878" linked from "https://bogbasen.dk/sitemap.html"[0m
[38;2;200;255;200m[1m                           [ 410726 ][ Warning ][ 00:47:26 ][0m [38;2;233;149;12m[1m-->[0m [38;2;200;0;0mFound `/^([4-9]\d{2,})$/im` status is "404" in "https://bogbasen.dk/showBook?id=3769392" linked from "https://bogbasen.dk/sitemap.html"[0m
[38;2;200;255;200m[1m                           [ 413805 ][ Warning ][ 00:55:48 ][0m [38;2;233;149;12m[1m-->[0m [38;2;200;0;0mFound `/^([4-9]\d{2,})$/im` status is "404" in "https://bogbasen.dk/showBook?id=3812852" linked from "https://bogbasen.dk/sitemap.html"[0m
[38;2;200;255;200m[1m                           [ 413873 ][ Warning ][ 00:56:01 ][0m [38;2;233;149;12m[1m-->[0m [38;2;200;0;0mFound `/^([4-9]\d{2,})$/im` status is "404" in "https://bogbasen.dk/showBook?id=4471817" linked from "https://bogbasen.dk/sitemap.html"[0m
[38;2;200;255;200m[1m                           [ 414978 ][ Warning ][ 00:59:03 ][0m [38;2;233;149;12m[1m-->[0m [38;2;200;0;0mFound `/^([4-9]\d{2,})$/im` status is "404" in "https://bogbasen.dk/showBook?id=4434002" linked from "https://bogbasen.dk/sitemap.html"[0m
[38;2;200;255;200m[1m                           [ 415081 ][ Warning ][ 00:59:17 ][0m [38;2;233;149;12m[1m-->[0m [38;2;200;0;0mFound `/^([4-9]\d{2,})$/im` status is "404" in "https://bogbasen.dk/showBook?id=4451466" linked from "https://bogbasen.dk/sitemap.html"[0m
[38;2;200;255;200m[1m                           [ 415202 ][ Warning ][ 00:59:30 ][0m [38;2;233;149;12m[1m-->[0m [38;2;200;0;0mFound `/^([4-9]\d{2,})$/im` status is "404" in "https://bogbasen.dk/showBook?id=3856145" linked from "https://bogbasen.dk/sitemap.html"[0m
[38;2;200;255;200m[1m                           [ 415562 ][ Warning ][ 01:00:18 ][0m [38;2;233;149;12m[1m-->[0m [38;2;200;0;0mFound `/^([4-9]\d{2,})$/im` status is "404" in "https://bogbasen.dk/showBook?id=4541382" linked from "https://bogbasen.dk/sitemap.html"[0m
[38;2;200;255;200m[1m                           [ 415788 ][ Warning ][ 01:00:47 ][0m [38;2;233;149;12m[1m-->[0m [38;2;200;0;0mFound `/^([4-9]\d{2,})$/im` status is "404" in "https://bogbasen.dk/showBook?id=4550345" linked from "https://bogbasen.dk/sitemap.html"[0m
[38;2;200;255;200m[1m                           [ 416453 ][ Warning ][ 01:02:50 ][0m [38;2;233;149;12m[1m-->[0m [38;2;200;0;0mFound `/^([4-9]\d{2,})$/im` status is "404" in "https://bogbasen.dk/showBook?id=4466648" linked from "https://bogbasen.dk/sitemap.html"[0m
[38;2;200;255;200m[1m                           [ 416595 ][ Warning ][ 01:03:09 ][0m [38;2;233;149;12m[1m-->[0m [38;2;200;0;0mFound `/^([4-9]\d{2,})$/im` status is "404" in "https://bogbasen.dk/showBook?id=4370960" linked from "https://bogbasen.dk/sitemap.html"[0m
[38;2;200;255;200m[1m                           [ 416595 ][ Warning ][ 01:03:09 ][0m [38;2;233;149;12m[1m-->[0m [38;2;200;0;0mFound `/^([4-9]\d{2,})$/im` status is "404" in "https://bogbasen.dk/showBook?id=4370964" linked from "https://bogbasen.dk/sitemap.html"[0m
[38;2;200;255;200m[1m                           [ 416594 ][ Warning ][ 01:03:09 ][0m [38;2;233;149;12m[1m-->[0m [38;2;200;0;0mFound `/^([4-9]\d{2,})$/im` status is "404" in "https://bogbasen.dk/showBook?id=4370966" linked from "https://bogbasen.dk/sitemap.html"[0m
[38;2;200;255;200m[1m                           [ 416593 ][ Warning ][ 01:03:09 ][0m [38;2;233;149;12m[1m-->[0m [38;2;200;0;0mFound `/^([4-9]\d{2,})$/im` status is "404" in "https://bogbasen.dk/showBook?id=4370968" linked from "https://bogbasen.dk/sitemap.html"[0m
[38;2;200;255;200m[1m                           [ 418954 ][ Warning ][ 01:08:56 ][0m [38;2;233;149;12m[1m-->[0m [38;2;200;0;0mFound `/^([4-9]\d{2,})$/im` status is "404" in "https://bogbasen.dk/showBook?id=4539105" linked from "https://bogbasen.dk/sitemap.html"[0m
[38;2;200;255;200m[1m                           [ 419230 ][ Warning ][ 01:09:36 ][0m [38;2;233;149;12m[1m-->[0m [38;2;200;0;0mFound `/^([4-9]\d{2,})$/im` status is "404" in "https://bogbasen.dk/showBook?id=4448471" linked from "https://bogbasen.dk/sitemap.html"[0m
[38;2;200;255;200m[1m                           [ 419616 ][ Warning ][ 01:10:37 ][0m [38;2;233;149;12m[1m-->[0m [38;2;200;0;0mFound `/^([4-9]\d{2,})$/im` status is "404" in "https://bogbasen.dk/showBook?id=3833880" linked from "https://bogbasen.dk/sitemap.html"[0m
[38;2;200;255;200m[1m                           [ 419760 ][ Warning ][ 01:11:03 ][0m [38;2;233;149;12m[1m-->[0m [38;2;200;0;0mFound `/^([4-9]\d{2,})$/im` status is "404" in "https://bogbasen.dk/showBook?id=4447295" linked from "https://bogbasen.dk/sitemap.html"[0m
[38;2;200;255;200m[1m                           [ 420329 ][ Warning ][ 01:12:35 ][0m [38;2;233;149;12m[1m-->[0m [38;2;200;0;0mFound `/^([4-9]\d{2,})$/im` status is "404" in "https://bogbasen.dk/showBook?id=3887925" linked from "https://bogbasen.dk/sitemap.html"[0m
[38;2;200;255;200m[1m                           [ 420849 ][ Warning ][ 01:14:01 ][0m [38;2;233;149;12m[1m-->[0m [38;2;200;0;0mFound `/^([4-9]\d{2,})$/im` status is "404" in "https://bogbasen.dk/showBook?id=4447300" linked from "https://bogbasen.dk/sitemap.html"[0m
[38;2;200;255;200m[1m                           [ 420877 ][ Warning ][ 01:14:04 ][0m [38;2;233;149;12m[1m-->[0m [38;2;200;0;0mFound `/^([4-9]\d{2,})$/im` status is "404" in "https://bogbasen.dk/showBook?id=3739277" linked from "https://bogbasen.dk/sitemap.html"[0m
[38;2;200;255;200m[1m                           [ 421106 ][ Warning ][ 01:14:38 ][0m [38;2;233;149;12m[1m-->[0m [38;2;200;0;0mFound `/^([4-9]\d{2,})$/im` status is "404" in "https://bogbasen.dk/showBook?id=4472974" linked from "https://bogbasen.dk/sitemap.html"[0m
[38;2;200;255;200m[1m                           [ 423461 ][ Warning ][ 01:21:04 ][0m [38;2;233;149;12m[1m-->[0m [38;2;200;0;0mFound `/^([4-9]\d{2,})$/im` status is "404" in "https://bogbasen.dk/showBook?id=4539208" linked from "https://bogbasen.dk/sitemap.html"[0m
[38;2;200;255;200m[1m                           [ 423549 ][ Warning ][ 01:21:14 ][0m [38;2;233;149;12m[1m-->[0m [38;2;200;0;0mFound `/^([4-9]\d{2,})$/im` status is "404" in "https://bogbasen.dk/showBook?id=4370279" linked from "https://bogbasen.dk/sitemap.html"[0m
[38;2;200;255;200m[1m                           [ 424026 ][ Warning ][ 01:22:38 ][0m [38;2;233;149;12m[1m-->[0m [38;2;200;0;0mFound `/^([4-9]\d{2,})$/im` status is "404" in "https://bogbasen.dk/showBook?id=4371572" linked from "https://bogbasen.dk/sitemap.html"[0m
[38;2;200;255;200m[1m                           [ 424024 ][ Warning ][ 01:22:38 ][0m [38;2;233;149;12m[1m-->[0m [38;2;200;0;0mFound `/^([4-9]\d{2,})$/im` status is "404" in "https://bogbasen.dk/showBook?id=4448409" linked from "https://bogbasen.dk/sitemap.html"[0m
