/mnt/Disk01/Storage/mrnissen/Dev/phpCrawler/tst.php:42:
string(20) "https://bogbasen.dk/"


-----

/mnt/Disk01/Storage/mrnissen/Dev/phpCrawler/tst.php:5:
string(21) "//bogbasen.dk?sub#666"
/mnt/Disk01/Storage/mrnissen/Dev/phpCrawler/tst.php:5:
string(20) "https://bogbasen.dk/"

-----

/mnt/Disk01/Storage/mrnissen/Dev/phpCrawler/tst.php:8:
string(21) "//bogbasen.dk?sub#666"
/mnt/Disk01/Storage/mrnissen/Dev/phpCrawler/tst.php:8:
array(3) {
  'host' =>
  string(11) "bogbasen.dk"
  'query' =>
  string(3) "sub"
  'fragment' =>
  string(3) "666"
}
/mnt/Disk01/Storage/mrnissen/Dev/phpCrawler/tst.php:14:
string(20) "https://bogbasen.dk/"
/mnt/Disk01/Storage/mrnissen/Dev/phpCrawler/tst.php:14:
array(3) {
  'scheme' =>
  string(5) "https"
  'host' =>
  string(11) "bogbasen.dk"
  'path' =>
  string(1) "/"
}
/mnt/Disk01/Storage/mrnissen/Dev/phpCrawler/tst.php:44:
string(29) "https://bogbasen.dk/?sub=#666"


-----

/mnt/Disk01/Storage/mrnissen/Dev/phpCrawler/tst.php:5:
string(12) "/lag?111#555"
/mnt/Disk01/Storage/mrnissen/Dev/phpCrawler/tst.php:5:
string(29) "https://bogbasen.dk/?sub=#666"

-----

/mnt/Disk01/Storage/mrnissen/Dev/phpCrawler/tst.php:8:
string(12) "/lag?111#555"
/mnt/Disk01/Storage/mrnissen/Dev/phpCrawler/tst.php:8:
array(3) {
  'path' =>
  string(4) "/lag"
  'query' =>
  string(3) "111"
  'fragment' =>
  string(3) "555"
}
/mnt/Disk01/Storage/mrnissen/Dev/phpCrawler/tst.php:14:
string(29) "https://bogbasen.dk/?sub=#666"
/mnt/Disk01/Storage/mrnissen/Dev/phpCrawler/tst.php:14:
array(5) {
  'scheme' =>
  string(5) "https"
  'host' =>
  string(11) "bogbasen.dk"
  'path' =>
  string(1) "/"
  'query' =>
  string(4) "sub="
  'fragment' =>
  string(3) "666"
}
path is set
/mnt/Disk01/Storage/mrnissen/Dev/phpCrawler/tst.php:46:
string(32) "https://bogbasen.dk/lag?111=#555"


-----

/mnt/Disk01/Storage/mrnissen/Dev/phpCrawler/tst.php:5:
string(15) "?kage=555 & 111"
/mnt/Disk01/Storage/mrnissen/Dev/phpCrawler/tst.php:5:
string(32) "https://bogbasen.dk/lag?111=#555"

-----

/mnt/Disk01/Storage/mrnissen/Dev/phpCrawler/tst.php:8:
string(15) "?kage=555 & 111"
/mnt/Disk01/Storage/mrnissen/Dev/phpCrawler/tst.php:8:
array(1) {
  'query' =>
  string(14) "kage=555 & 111"
}
/mnt/Disk01/Storage/mrnissen/Dev/phpCrawler/tst.php:14:
string(32) "https://bogbasen.dk/lag?111=#555"
/mnt/Disk01/Storage/mrnissen/Dev/phpCrawler/tst.php:14:
array(5) {
  'scheme' =>
  string(5) "https"
  'host' =>
  string(11) "bogbasen.dk"
  'path' =>
  string(4) "/lag"
  'query' =>
  string(4) "111="
  'fragment' =>
  string(3) "555"
}
/mnt/Disk01/Storage/mrnissen/Dev/phpCrawler/tst.php:48:
string(38) "https://bogbasen.dk/lag?kage=555+&111="
